mode: set
github.com/keshu12345/guardianlink/nodeb/service/auth.go:30.53,34.2 1 0
github.com/keshu12345/guardianlink/nodeb/service/auth.go:36.52,40.116 2 0
github.com/keshu12345/guardianlink/nodeb/service/auth.go:40.116,42.3 1 0
github.com/keshu12345/guardianlink/nodeb/service/auth.go:44.2,44.16 1 0
github.com/keshu12345/guardianlink/nodeb/service/auth.go:44.16,47.3 2 0
github.com/keshu12345/guardianlink/nodeb/service/auth.go:49.2,49.73 1 0
github.com/keshu12345/guardianlink/nodeb/service/auth.go:49.73,51.109 2 0
github.com/keshu12345/guardianlink/nodeb/service/auth.go:51.109,55.4 2 0
github.com/keshu12345/guardianlink/nodeb/service/auth.go:56.3,58.32 3 0
github.com/keshu12345/guardianlink/nodeb/service/auth.go:58.32,61.4 2 0
github.com/keshu12345/guardianlink/nodeb/service/auth.go:63.3,63.37 1 0
github.com/keshu12345/guardianlink/nodeb/service/auth.go:64.8,67.3 2 0
github.com/keshu12345/guardianlink/nodeb/service/auth.go:69.2,69.10 1 0
github.com/keshu12345/guardianlink/nodeb/service/auth.go:77.66,84.55 2 0
github.com/keshu12345/guardianlink/nodeb/service/auth.go:84.55,87.3 2 0
github.com/keshu12345/guardianlink/nodeb/service/auth.go:89.2,90.113 2 0
github.com/keshu12345/guardianlink/nodeb/service/auth.go:90.113,93.3 2 0
github.com/keshu12345/guardianlink/nodeb/service/auth.go:95.2,95.107 1 0
github.com/keshu12345/guardianlink/nodeb/service/auth.go:95.107,98.3 2 0
github.com/keshu12345/guardianlink/nodeb/service/auth.go:100.2,101.16 2 0
github.com/keshu12345/guardianlink/nodeb/service/auth.go:101.16,105.3 2 0
github.com/keshu12345/guardianlink/nodeb/service/auth.go:107.2,108.50 2 0
github.com/keshu12345/guardianlink/nodeb/service/auth.go:108.50,111.3 2 0
github.com/keshu12345/guardianlink/nodeb/service/auth.go:112.2,112.19 1 0
github.com/keshu12345/guardianlink/nodeb/service/auth.go:116.66,122.51 2 0
github.com/keshu12345/guardianlink/nodeb/service/auth.go:122.51,125.3 2 0
github.com/keshu12345/guardianlink/nodeb/service/auth.go:127.2,128.16 2 0
github.com/keshu12345/guardianlink/nodeb/service/auth.go:128.16,131.3 2 0
github.com/keshu12345/guardianlink/nodeb/service/auth.go:133.2,137.49 2 0
github.com/keshu12345/guardianlink/nodeb/service/auth.go:137.49,140.3 2 0
github.com/keshu12345/guardianlink/nodeb/service/auth.go:141.2,141.44 1 0
github.com/keshu12345/guardianlink/nodeb/service/auth.go:144.50,154.16 4 0
github.com/keshu12345/guardianlink/nodeb/service/auth.go:154.16,156.3 1 0
github.com/keshu12345/guardianlink/nodeb/service/auth.go:157.2,157.25 1 0
github.com/keshu12345/guardianlink/nodeb/service/nodeb.go:31.33,33.2 1 0
github.com/keshu12345/guardianlink/nodeb/service/nodeb.go:41.56,47.2 1 0
github.com/keshu12345/guardianlink/nodeb/service/nodeb.go:50.73,53.49 2 0
github.com/keshu12345/guardianlink/nodeb/service/nodeb.go:53.49,56.3 2 0
github.com/keshu12345/guardianlink/nodeb/service/nodeb.go:58.2,63.16 5 0
github.com/keshu12345/guardianlink/nodeb/service/nodeb.go:63.16,66.3 2 0
github.com/keshu12345/guardianlink/nodeb/service/nodeb.go:68.2,68.45 1 0
github.com/keshu12345/guardianlink/nodeb/service/nodeb.go:68.45,69.48 1 0
github.com/keshu12345/guardianlink/nodeb/service/nodeb.go:69.48,73.4 3 0
github.com/keshu12345/guardianlink/nodeb/service/nodeb.go:76.2,76.84 1 0
github.com/keshu12345/guardianlink/nodeb/service/nodeb.go:76.84,80.3 3 0
github.com/keshu12345/guardianlink/nodeb/service/nodeb.go:82.2,82.39 1 0
github.com/keshu12345/guardianlink/nodeb/service/nodeb.go:82.39,85.3 2 0
github.com/keshu12345/guardianlink/nodeb/service/nodeb.go:87.2,87.19 1 0
github.com/keshu12345/guardianlink/nodeb/service/nodeb.go:90.74,93.16 2 0
github.com/keshu12345/guardianlink/nodeb/service/nodeb.go:93.16,96.3 2 0
github.com/keshu12345/guardianlink/nodeb/service/nodeb.go:98.2,100.16 3 0
github.com/keshu12345/guardianlink/nodeb/service/nodeb.go:100.16,103.3 2 0
github.com/keshu12345/guardianlink/nodeb/service/nodeb.go:105.2,105.20 1 0
github.com/keshu12345/guardianlink/nodeb/service/nodeb.go:108.73,112.49 2 0
github.com/keshu12345/guardianlink/nodeb/service/nodeb.go:112.49,115.3 2 0
github.com/keshu12345/guardianlink/nodeb/service/nodeb.go:116.2,121.16 5 0
github.com/keshu12345/guardianlink/nodeb/service/nodeb.go:121.16,124.3 2 0
github.com/keshu12345/guardianlink/nodeb/service/nodeb.go:126.2,126.47 1 0
github.com/keshu12345/guardianlink/nodeb/service/nodeb.go:126.47,130.3 3 0
github.com/keshu12345/guardianlink/nodeb/service/nodeb.go:132.2,132.84 1 0
github.com/keshu12345/guardianlink/nodeb/service/nodeb.go:132.84,136.3 3 0
github.com/keshu12345/guardianlink/nodeb/service/nodeb.go:138.2,138.39 1 0
github.com/keshu12345/guardianlink/nodeb/service/nodeb.go:138.39,141.3 2 0
github.com/keshu12345/guardianlink/nodeb/service/nodeb.go:143.2,143.19 1 0
github.com/keshu12345/guardianlink/nodeb/service/nodeb.go:146.74,155.16 7 0
github.com/keshu12345/guardianlink/nodeb/service/nodeb.go:155.16,158.3 2 0
github.com/keshu12345/guardianlink/nodeb/service/nodeb.go:159.2,161.12 2 0
github.com/keshu12345/guardianlink/nodeb/service/nodeb.go:164.34,172.2 5 0
github.com/keshu12345/guardianlink/nodeb/service/register.go:13.72,21.2 6 1
github.com/keshu12345/guardianlink/nodeb/service/register.go:21.2,27.3 4 1
github.com/keshu12345/guardianlink/nodeb/service/register.go:31.29,34.16 2 1
github.com/keshu12345/guardianlink/nodeb/service/register.go:34.16,36.3 1 1
github.com/keshu12345/guardianlink/nodeb/service/register.go:38.2,38.51 1 1
github.com/keshu12345/guardianlink/nodeb/service/register.go:41.29,44.16 2 1
github.com/keshu12345/guardianlink/nodeb/service/register.go:44.16,46.3 1 1
github.com/keshu12345/guardianlink/nodeb/service/register.go:48.2,48.51 1 1
github.com/keshu12345/guardianlink/nodeb/service/register.go:52.28,55.16 2 1
github.com/keshu12345/guardianlink/nodeb/service/register.go:55.16,57.3 1 1
github.com/keshu12345/guardianlink/nodeb/service/register.go:59.2,59.52 1 1
github.com/keshu12345/guardianlink/nodeb/service/register.go:63.37,66.44 2 1
github.com/keshu12345/guardianlink/nodeb/service/register.go:66.44,68.3 1 1
github.com/keshu12345/guardianlink/nodeb/service/register.go:70.2,70.20 1 1
github.com/keshu12345/guardianlink/nodeb/service/register.go:70.20,72.20 2 1
github.com/keshu12345/guardianlink/nodeb/service/register.go:72.20,74.4 1 0
github.com/keshu12345/guardianlink/nodeb/service/register.go:76.2,76.10 1 1
github.com/keshu12345/guardianlink/nodeb/service/register.go:79.29,82.16 2 1
github.com/keshu12345/guardianlink/nodeb/service/register.go:82.16,84.3 1 1
github.com/keshu12345/guardianlink/nodeb/service/register.go:85.2,85.60 1 1
github.com/keshu12345/guardianlink/nodeb/service/register.go:88.29,91.16 2 1
github.com/keshu12345/guardianlink/nodeb/service/register.go:91.16,95.3 1 1
github.com/keshu12345/guardianlink/nodeb/service/register.go:97.2,97.46 1 1
